This is pdfTeX, Version 3.14159265-2.6-1.40.20 (TeX Live 2019/Debian) (preloaded format=pdflatex 2022.6.14)  13 SEP 2022 19:17
entering extended mode
 restricted \write18 enabled.
 %&-line parsing enabled.
**Main.tex
(./Main.tex
LaTeX2e <2020-02-02> patch level 2
L3 programming layer <2020-02-14>
(/usr/share/texlive/texmf-dist/tex/latex/base/report.cls
Document Class: report 2019/12/20 v1.4l Standard LaTeX document class
(/usr/share/texlive/texmf-dist/tex/latex/base/size12.clo
File: size12.clo 2019/12/20 v1.4l Standard LaTeX file (size option)
)
\c@part=\count167
\c@chapter=\count168
\c@section=\count169
\c@subsection=\count170
\c@subsubsection=\count171
\c@paragraph=\count172
\c@subparagraph=\count173
\c@figure=\count174
\c@table=\count175
\abovecaptionskip=\skip47
\belowcaptionskip=\skip48
\bibindent=\dimen134
)
(./Inputs/preamble.tex (./Inputs/MScPhys.sty
Document Style Option `aauthesis'.
(/usr/share/texlive/texmf-dist/tex/latex/amsmath/amsmath.sty
Package: amsmath 2020/01/20 v2.17e AMS math features
\@mathmargin=\skip49

For additional information on amsmath, use the `?' option.
(/usr/share/texlive/texmf-dist/tex/latex/amsmath/amstext.sty
Package: amstext 2000/06/29 v2.01 AMS text

(/usr/share/texlive/texmf-dist/tex/latex/amsmath/amsgen.sty
File: amsgen.sty 1999/11/30 v2.0 generic functions
\@emptytoks=\toks14
\ex@=\dimen135
))
(/usr/share/texlive/texmf-dist/tex/latex/amsmath/amsbsy.sty
Package: amsbsy 1999/11/29 v1.2d Bold Symbols
\pmbraise@=\dimen136
)
(/usr/share/texlive/texmf-dist/tex/latex/amsmath/amsopn.sty
Package: amsopn 2016/03/08 v2.02 operator names
)
\inf@bad=\count176
LaTeX Info: Redefining \frac on input line 227.
\uproot@=\count177
\leftroot@=\count178
LaTeX Info: Redefining \overline on input line 389.
\classnum@=\count179
\DOTSCASE@=\count180
LaTeX Info: Redefining \ldots on input line 486.
LaTeX Info: Redefining \dots on input line 489.
LaTeX Info: Redefining \cdots on input line 610.
\Mathstrutbox@=\box45
\strutbox@=\box46
\big@size=\dimen137
LaTeX Font Info:    Redeclaring font encoding OML on input line 733.
LaTeX Font Info:    Redeclaring font encoding OMS on input line 734.
\macc@depth=\count181
\c@MaxMatrixCols=\count182
\dotsspace@=\muskip16
\c@parentequation=\count183
\dspbrk@lvl=\count184
\tag@help=\toks15
\row@=\count185
\column@=\count186
\maxfields@=\count187
\andhelp@=\toks16
\eqnshift@=\dimen138
\alignsep@=\dimen139
\tagshift@=\dimen140
\tagwidth@=\dimen141
\totwidth@=\dimen142
\lineht@=\dimen143
\@envbody=\toks17
\multlinegap=\skip50
\multlinetaggap=\skip51
\mathdisplay@stack=\toks18
LaTeX Info: Redefining \[ on input line 2859.
LaTeX Info: Redefining \] on input line 2860.
)
(/usr/share/texlive/texmf-dist/tex/latex/base/fontenc.sty
Package: fontenc 2020/02/11 v2.0o Standard LaTeX package
)
(/usr/share/texlive/texmf-dist/tex/latex/psnfss/newcent.sty
Package: newcent 2005/04/12 PSNFSS-v9.2a (SPQR) 
)
(/usr/share/texlive/texmf-dist/tex/latex/base/textcomp.sty
Package: textcomp 2020/02/02 v2.0n Standard LaTeX package
)
(/usr/share/texlive/texmf-dist/tex/latex/natbib/natbib.sty
Package: natbib 2010/09/13 8.31b (PWD, AO)
\bibhang=\skip52
\bibsep=\skip53
LaTeX Info: Redefining \cite on input line 694.
\c@NAT@ctr=\count188
)
(/usr/share/texlive/texmf-dist/tex/latex/amsfonts/amsfonts.sty
Package: amsfonts 2013/01/14 v3.01 Basic AMSFonts support
\symAMSa=\mathgroup4
\symAMSb=\mathgroup5
LaTeX Font Info:    Redeclaring math symbol \hbar on input line 98.
LaTeX Font Info:    Overwriting math alphabet `\mathfrak' in version `bold'
(Font)                  U/euf/m/n --> U/euf/b/n on input line 106.
)
(/usr/share/texlive/texmf-dist/tex/latex/graphics/lscape.sty
Package: lscape 2000/10/22 v3.01 Landscape Pages (DPC)

(/usr/share/texlive/texmf-dist/tex/latex/graphics/graphics.sty
Package: graphics 2019/11/30 v1.4a Standard LaTeX Graphics (DPC,SPQR)

(/usr/share/texlive/texmf-dist/tex/latex/graphics/trig.sty
Package: trig 2016/01/03 v1.10 sin cos tan (DPC)
)
(/usr/share/texlive/texmf-dist/tex/latex/graphics-cfg/graphics.cfg
File: graphics.cfg 2016/06/04 v1.11 sample graphics configuration
)
Package graphics Info: Driver file: pdftex.def on input line 105.

(/usr/share/texlive/texmf-dist/tex/latex/graphics-def/pdftex.def
File: pdftex.def 2018/01/08 v1.0l Graphics/color driver for pdftex
)))
(/usr/share/texlive/texmf-dist/tex/generic/dvips/rotate.sty
\@rotdimen=\dimen144
\@rotbox=\box47
)
(/usr/share/texlive/texmf-dist/tex/latex/float/float.sty
Package: float 2001/11/08 v1.3d Float enhancements (AL)
\c@float@type=\count189
\float@exts=\toks19
\float@box=\box48
\@float@everytoks=\toks20
\@floatcapt=\box49
)
(/usr/share/texlive/texmf-dist/tex/latex/booktabs/booktabs.sty
Package: booktabs 2020/01/12 v1.61803398 Publication quality tables
\heavyrulewidth=\dimen145
\lightrulewidth=\dimen146
\cmidrulewidth=\dimen147
\belowrulesep=\dimen148
\belowbottomsep=\dimen149
\aboverulesep=\dimen150
\abovetopsep=\dimen151
\cmidrulesep=\dimen152
\cmidrulekern=\dimen153
\defaultaddspace=\dimen154
\@cmidla=\count190
\@cmidlb=\count191
\@aboverulesep=\dimen155
\@belowrulesep=\dimen156
\@thisruleclass=\count192
\@lastruleclass=\count193
\@thisrulewidth=\dimen157
)
(/usr/share/texlive/texmf-dist/tex/latex/url/url.sty
\Urlmuskip=\muskip17
Package: url 2013/09/16  ver 3.4  Verb mode for urls, etc.
)
(/usr/share/texlive/texmf-dist/tex/latex/refstyle/refstyle.sty
Package: refstyle 2010/11/02 v0.5 Reference formatting (DNJ Els)

(/usr/share/texlive/texmf-dist/tex/latex/graphics/keyval.sty
Package: keyval 2014/10/28 v1.15 key=value parser (DPC)
\KV@toks@=\toks21
)
Package refstyle Info: Config file refstyle.cfg used on input line 322.

(/usr/share/texlive/texmf-dist/tex/latex/refstyle/refstyle.cfg
File: refstyle.cfg 2010/11/02 0.5 Configuration file for refstyle (DNJ Els)
Package refstyle Info: New reference template \newref{part} on input line 468.
Package refstyle Info: \partkey created on input line 468.
Package refstyle Info: \partlabel created on input line 468.
Package refstyle Info: \partref created on input line 468.
Package refstyle Info: \Partref created on input line 468.
Package refstyle Info: \partrangeref created on input line 468.
Package refstyle Info: \Partrangeref created on input line 468.
Package refstyle Info: \partpageref created on input line 468.
Package refstyle Info: New reference template \newref{chap} on input line 501.
Package refstyle Info: \chapkey created on input line 501.
Package refstyle Info: \chaplabel created on input line 501.
Package refstyle Info: \chapref created on input line 501.
Package refstyle Info: \Chapref created on input line 501.
Package refstyle Info: \chaprangeref created on input line 501.
Package refstyle Info: \Chaprangeref created on input line 501.
Package refstyle Info: \chappageref created on input line 501.
Package refstyle Info: New reference template \newref{sec} on input line 511.
Package refstyle Info: \seckey created on input line 511.
Package refstyle Info: \seclabel created on input line 511.
Package refstyle Info: \secref created on input line 511.
Package refstyle Info: \Secref created on input line 511.
Package refstyle Info: \secrangeref created on input line 511.
Package refstyle Info: \Secrangeref created on input line 511.
Package refstyle Info: \secpageref created on input line 511.
Package refstyle Info: New reference template \newref{eq} on input line 526.
Package refstyle Info: \eqkey created on input line 526.
Package refstyle Info: \eqlabel created on input line 526.
Package refstyle Info: \eqref created on input line 526.
Package refstyle Info: \Eqref created on input line 526.
Package refstyle Info: \eqrangeref created on input line 526.
Package refstyle Info: \Eqrangeref created on input line 526.
Package refstyle Info: \eqpageref created on input line 526.
Package refstyle Info: New reference template \newref{fig} on input line 544.
Package refstyle Info: \figkey created on input line 544.
Package refstyle Info: \figlabel created on input line 544.
Package refstyle Info: \figref created on input line 544.
Package refstyle Info: \Figref created on input line 544.
Package refstyle Info: \figrangeref created on input line 544.
Package refstyle Info: \Figrangeref created on input line 544.
Package refstyle Info: \figpageref created on input line 544.
Package refstyle Info: New reference template \newref{tab} on input line 553.
Package refstyle Info: \tabkey created on input line 553.
Package refstyle Info: \tablabel created on input line 553.
Package refstyle Info: \tabref created on input line 553.
Package refstyle Info: \Tabref created on input line 553.
Package refstyle Info: \tabrangeref created on input line 553.
Package refstyle Info: \Tabrangeref created on input line 553.
Package refstyle Info: \tabpageref created on input line 553.
Package refstyle Info: New reference template \newref{fn} on input line 568.
Package refstyle Info: \fnkey created on input line 568.
Package refstyle Info: \fnlabel created on input line 568.
Package refstyle Info: \fnref created on input line 568.
Package refstyle Info: \Fnref created on input line 568.
Package refstyle Info: \fnrangeref created on input line 568.
Package refstyle Info: \Fnrangeref created on input line 568.
Package refstyle Info: \fnpageref created on input line 568.
))
(/usr/share/texlive/texmf-dist/tex/latex/caption/caption.sty
Package: caption 2020/01/03 v3.4h Customizing captions (AR)

(/usr/share/texlive/texmf-dist/tex/latex/caption/caption3.sty
Package: caption3 2020/01/03 v1.8h caption3 kernel (AR)
Package caption3 Info: TeX engine: e-TeX on input line 61.
\captionmargin=\dimen158
\captionmargin@=\dimen159
\captionwidth=\dimen160
\caption@tempdima=\dimen161
\caption@indent=\dimen162
\caption@parindent=\dimen163
\caption@hangindent=\dimen164
Package caption Info: Standard document class detected.
)
\c@caption@flags=\count194
\c@continuedfloat=\count195
Package caption Info: float package is loaded.
)
\tclineskip=\skip54
)
(/usr/share/texlive/texmf-dist/tex/latex/srcltx/srcltx.sty
Package: srcltx 2006/11/12 v1.6 Source specials for inverse search in DVI files


(/usr/share/texlive/texmf-dist/tex/latex/base/ifthen.sty
Package: ifthen 2014/09/29 v1.1c Standard LaTeX ifthen package (DPC)
)
\src@lastline=\count196
\src@new@everypar=\toks22
\src@new@output=\toks23
)
(/usr/share/texlive/texmf-dist/tex/latex/graphics/graphicx.sty
Package: graphicx 2019/11/30 v1.2a Enhanced LaTeX Graphics (DPC,SPQR)
\Gin@req@height=\dimen165
\Gin@req@width=\dimen166
)
(/usr/share/texlive/texmf-dist/tex/latex/subfig/subfig.sty
Package: subfig 2005/06/28 ver: 1.3 subfig package
\c@KVtest=\count197
\sf@farskip=\skip55
\sf@captopadj=\dimen167
\sf@capskip=\skip56
\sf@nearskip=\skip57
\c@subfigure=\count198
\c@subfigure@save=\count199
\c@lofdepth=\count266
\c@subtable=\count267
\c@subtable@save=\count268
\c@lotdepth=\count269
\sf@top=\skip58
\sf@bottom=\skip59
)
(/usr/share/texlive/texmf-dist/tex/latex/multirow/multirow.sty
Package: multirow 2019/05/31 v2.5 Span multiple rows of a table
\multirow@colwidth=\skip60
\multirow@cntb=\count270
\multirow@dima=\skip61
\bigstrutjot=\dimen168
)
(/usr/share/texlive/texmf-dist/tex/latex/tools/enumerate.sty
Package: enumerate 2015/07/23 v3.00 enumerate extensions (DPC)
\@enLab=\toks24
)
(/usr/share/texlive/texmf-dist/tex/latex/hyperref/hyperref.sty
Package: hyperref 2020/01/14 v7.00d Hypertext links for LaTeX

(/usr/share/texlive/texmf-dist/tex/generic/ltxcmds/ltxcmds.sty
Package: ltxcmds 2019/12/15 v1.24 LaTeX kernel commands for general use (HO)
)
(/usr/share/texlive/texmf-dist/tex/generic/iftex/iftex.sty
Package: iftex 2019/11/07 v1.0c TeX engine tests
)
(/usr/share/texlive/texmf-dist/tex/latex/pdftexcmds/pdftexcmds.sty
Package: pdftexcmds 2019/11/24 v0.31 Utility functions of pdfTeX for LuaTeX (HO
)

(/usr/share/texlive/texmf-dist/tex/generic/infwarerr/infwarerr.sty
Package: infwarerr 2019/12/03 v1.5 Providing info/warning/error messages (HO)
)
Package pdftexcmds Info: \pdf@primitive is available.
Package pdftexcmds Info: \pdf@ifprimitive is available.
Package pdftexcmds Info: \pdfdraftmode found.
)
(/usr/share/texlive/texmf-dist/tex/generic/kvsetkeys/kvsetkeys.sty
Package: kvsetkeys 2019/12/15 v1.18 Key value parser (HO)
)
(/usr/share/texlive/texmf-dist/tex/generic/kvdefinekeys/kvdefinekeys.sty
Package: kvdefinekeys 2019-12-19 v1.6 Define keys (HO)
)
(/usr/share/texlive/texmf-dist/tex/generic/pdfescape/pdfescape.sty
Package: pdfescape 2019/12/09 v1.15 Implements pdfTeX's escape features (HO)
)
(/usr/share/texlive/texmf-dist/tex/latex/hycolor/hycolor.sty
Package: hycolor 2020-01-27 v1.10 Color options for hyperref/bookmark (HO)
)
(/usr/share/texlive/texmf-dist/tex/latex/letltxmacro/letltxmacro.sty
Package: letltxmacro 2019/12/03 v1.6 Let assignment for LaTeX macros (HO)
)
(/usr/share/texlive/texmf-dist/tex/latex/auxhook/auxhook.sty
Package: auxhook 2019-12-17 v1.6 Hooks for auxiliary files (HO)
)
(/usr/share/texlive/texmf-dist/tex/latex/kvoptions/kvoptions.sty
Package: kvoptions 2019/11/29 v3.13 Key value format for package options (HO)
)
\@linkdim=\dimen169
\Hy@linkcounter=\count271
\Hy@pagecounter=\count272
Package srcltx Info: Expanded filename `pd1enc.def' to `pd1enc.def.tex' on inpu
t line 850.

:<+ pd1enc.def.tex
(/usr/share/texlive/texmf-dist/tex/latex/hyperref/pd1enc.def
File: pd1enc.def 2020/01/14 v7.00d Hyperref: PDFDocEncoding definition (HO)
Now handling font encoding PD1 ...
... no UTF-8 mapping file for font encoding PD1
)
:<-
(/usr/share/texlive/texmf-dist/tex/generic/intcalc/intcalc.sty
Package: intcalc 2019/12/15 v1.3 Expandable calculations with integers (HO)
)
(/usr/share/texlive/texmf-dist/tex/generic/etexcmds/etexcmds.sty
Package: etexcmds 2019/12/15 v1.7 Avoid name clashes with e-TeX commands (HO)
)
\Hy@SavedSpaceFactor=\count273
\pdfmajorversion=\count274
Package hyperref Info: Hyper figures OFF on input line 4547.
Package hyperref Info: Link nesting OFF on input line 4552.
Package hyperref Info: Hyper index ON on input line 4555.
Package hyperref Info: Plain pages OFF on input line 4562.
Package hyperref Info: Backreferencing OFF on input line 4567.
Package hyperref Info: Implicit mode ON; LaTeX internals redefined.
Package hyperref Info: Bookmarks ON on input line 4800.
\c@Hy@tempcnt=\count275
LaTeX Info: Redefining \url on input line 5159.
\XeTeXLinkMargin=\dimen170

(/usr/share/texlive/texmf-dist/tex/generic/bitset/bitset.sty
Package: bitset 2019/12/09 v1.3 Handle bit-vector datatype (HO)

(/usr/share/texlive/texmf-dist/tex/generic/bigintcalc/bigintcalc.sty
Package: bigintcalc 2019/12/15 v1.5 Expandable calculations on big integers (HO
)
))
\Fld@menulength=\count276
\Field@Width=\dimen171
\Fld@charsize=\dimen172
Package hyperref Info: Hyper figures OFF on input line 6430.
Package hyperref Info: Link nesting OFF on input line 6435.
Package hyperref Info: Hyper index ON on input line 6438.
Package hyperref Info: backreferencing OFF on input line 6445.
Package hyperref Info: Link coloring OFF on input line 6450.
Package hyperref Info: Link coloring with OCG OFF on input line 6455.
Package hyperref Info: PDF/A mode OFF on input line 6460.
LaTeX Info: Redefining \ref on input line 6500.
LaTeX Info: Redefining \pageref on input line 6504.

(/usr/share/texlive/texmf-dist/tex/generic/atbegshi/atbegshi.sty
Package: atbegshi 2019/12/05 v1.19 At begin shipout hook (HO)
)
\Hy@abspage=\count277
\c@Item=\count278
\c@Hfootnote=\count279
)
Package hyperref Info: Driver (autodetected): hpdftex.
Package srcltx Info: Expanded filename `hpdftex.def' to `hpdftex.def.tex' on in
put line 8.

:<+ hpdftex.def.tex
(/usr/share/texlive/texmf-dist/tex/latex/hyperref/hpdftex.def
File: hpdftex.def 2020/01/14 v7.00d Hyperref driver for pdfTeX

(/usr/share/texlive/texmf-dist/tex/latex/atveryend/atveryend.sty
Package: atveryend 2019-12-11 v1.11 Hooks at the very end of document (HO)
Package atveryend Info: \enddocument detected (standard20110627).
)
\Fld@listcount=\count280
\c@bookmark@seq@number=\count281

(/usr/share/texlive/texmf-dist/tex/latex/rerunfilecheck/rerunfilecheck.sty
Package: rerunfilecheck 2019/12/05 v1.9 Rerun checks for auxiliary files (HO)

(/usr/share/texlive/texmf-dist/tex/generic/uniquecounter/uniquecounter.sty
Package: uniquecounter 2019/12/15 v1.4 Provide unlimited unique counter (HO)
)
Package uniquecounter Info: New unique counter `rerunfilecheck' on input line 2
86.
)
\Hy@SectionHShift=\skip62
)
:<-
(/usr/share/texlive/texmf-dist/tex/latex/tools/multicol.sty
Package: multicol 2019/12/09 v1.8y multicolumn formatting (FMi)
\c@tracingmulticols=\count282
\mult@box=\box50
\multicol@leftmargin=\dimen173
\c@unbalance=\count283
\c@collectmore=\count284
\doublecol@number=\count285
\multicoltolerance=\count286
\multicolpretolerance=\count287
\full@width=\dimen174
\page@free=\dimen175
\premulticols=\dimen176
\postmulticols=\dimen177
\multicolsep=\skip63
\multicolbaselineskip=\skip64
\partial@page=\box51
\last@line=\box52
\maxbalancingoverflow=\dimen178
\mult@rightbox=\box53
\mult@grightbox=\box54
\mult@gfirstbox=\box55
\mult@firstbox=\box56
\@tempa=\box57
\@tempa=\box58
\@tempa=\box59
\@tempa=\box60
\@tempa=\box61
\@tempa=\box62
\@tempa=\box63
\@tempa=\box64
\@tempa=\box65
\@tempa=\box66
\@tempa=\box67
\@tempa=\box68
\@tempa=\box69
\@tempa=\box70
\@tempa=\box71
\@tempa=\box72
\@tempa=\box73
\@tempa=\box74
\@tempa=\box75
\@tempa=\box76
\@tempa=\box77
\@tempa=\box78
\@tempa=\box79
\@tempa=\box80
\@tempa=\box81
\@tempa=\box82
\@tempa=\box83
\@tempa=\box84
\@tempa=\box85
\@tempa=\box86
\@tempa=\box87
\@tempa=\box88
\@tempa=\box89
\@tempa=\box90
\@tempa=\box91
\@tempa=\box92
\@tempa=\box93
\c@minrows=\count288
\c@columnbadness=\count289
\c@finalcolumnbadness=\count290
\last@try=\dimen179
\multicolovershoot=\dimen180
\multicolundershoot=\dimen181
\mult@nat@firstbox=\box94
\colbreak@box=\box95
\mc@col@check@num=\count291
)
(/usr/share/texlive/texmf-dist/tex/latex/amsfonts/amssymb.sty
Package: amssymb 2013/01/14 v3.01 AMS font symbols
)
(/usr/share/texlive/texmf-dist/tex/latex/tools/longtable.sty
Package: longtable 2020/01/07 v4.13 Multi-page Table package (DPC)
\LTleft=\skip65
\LTright=\skip66
\LTpre=\skip67
\LTpost=\skip68
\LTchunksize=\count292
\LTcapwidth=\dimen182
\LT@head=\box96
\LT@firsthead=\box97
\LT@foot=\box98
\LT@lastfoot=\box99
\LT@cols=\count293
\LT@rows=\count294
\c@LT@tables=\count295
\c@LT@chunks=\count296
\LT@p@ftn=\toks25
)
(/usr/share/texlive/texmf-dist/tex/latex/tools/afterpage.sty
Package: afterpage 2014/10/28 v1.08 After-Page Package (DPC)
\AP@output=\toks26
\AP@partial=\box100
\AP@footins=\box101
)
(/usr/share/texlive/texmf-dist/tex/latex/geometry/geometry.sty
Package: geometry 2020/01/02 v5.9 Page Geometry

(/usr/share/texlive/texmf-dist/tex/generic/iftex/ifvtex.sty
Package: ifvtex 2019/10/25 v1.7 ifvtex legacy package. Use iftex instead.
)
\Gm@cnth=\count297
\Gm@cntv=\count298
\c@Gm@tempcnt=\count299
\Gm@bindingoffset=\dimen183
\Gm@wd@mp=\dimen184
\Gm@odd@mp=\dimen185
\Gm@even@mp=\dimen186
\Gm@layoutwidth=\dimen187
\Gm@layoutheight=\dimen188
\Gm@layouthoffset=\dimen189
\Gm@layoutvoffset=\dimen190
\Gm@dimlist=\toks27


Package geometry Warning: Over-specification in `v'-direction.
    `height' (717.00935pt) is ignored.

) (/usr/share/texlive/texmf-dist/tex/latex/base/fontenc.sty
Package: fontenc 2020/02/11 v2.0o Standard LaTeX package
LaTeX Font Info:    Trying to load font information for T1+pnc on input line 11
2.

(/usr/share/texlive/texmf-dist/tex/latex/psnfss/t1pnc.fd
File: t1pnc.fd 2001/06/04 font definitions for T1/pnc.
))
(/usr/share/texlive/texmf-dist/tex/latex/titlesec/titlesec.sty
Package: titlesec 2019/10/16 v2.13 Sectioning titles
\ttl@box=\box102
\beforetitleunit=\skip69
\aftertitleunit=\skip70
\ttl@plus=\dimen191
\ttl@minus=\dimen192
\ttl@toksa=\toks28
\titlewidth=\dimen193
\titlewidthlast=\dimen194
\titlewidthfirst=\dimen195
Package srcltx Info: Expanded filename `titleps.sty' to `titleps.sty.tex' on in
put line 1418.

:<+ titleps.sty.tex
(/usr/share/texlive/texmf-dist/tex/latex/titlesec/titleps.sty)
:<-
) (/usr/share/texlive/texmf-dist/tex/latex/titlesec/titletoc.sty
Package: titletoc 2019/10/16 v2.13 TOC entries
\ttl@leftsep=\dimen196
))
(/usr/share/texlive/texmf-dist/tex/latex/l3backend/l3backend-pdfmode.def
File: l3backend-pdfmode.def 2020-02-03 L3 backend support: PDF mode
\l__kernel_color_stack_int=\count300
\l__pdf_internal_box=\box103
)
(./Main.aux (./chapters/Chapter1.aux) (./chapters/Chapter2.aux)
(./chapters/Chapter3.aux) (./chapters/Chapter4.aux) (./chapters/Chapter5.aux))
\openout1 = `Main.aux'.

LaTeX Font Info:    Checking defaults for OML/cmm/m/it on input line 14.
LaTeX Font Info:    ... okay on input line 14.
LaTeX Font Info:    Checking defaults for OMS/cmsy/m/n on input line 14.
LaTeX Font Info:    ... okay on input line 14.
LaTeX Font Info:    Checking defaults for OT1/cmr/m/n on input line 14.
LaTeX Font Info:    ... okay on input line 14.
LaTeX Font Info:    Checking defaults for T1/cmr/m/n on input line 14.
LaTeX Font Info:    ... okay on input line 14.
LaTeX Font Info:    Checking defaults for TS1/cmr/m/n on input line 14.
LaTeX Font Info:    ... okay on input line 14.
LaTeX Font Info:    Checking defaults for OMX/cmex/m/n on input line 14.
LaTeX Font Info:    ... okay on input line 14.
LaTeX Font Info:    Checking defaults for U/cmr/m/n on input line 14.
LaTeX Font Info:    ... okay on input line 14.
LaTeX Font Info:    Checking defaults for PD1/pdf/m/n on input line 14.
LaTeX Font Info:    ... okay on input line 14.

(/usr/share/texlive/texmf-dist/tex/context/base/mkii/supp-pdf.mkii
[Loading MPS to PDF converter (version 2006.09.02).]
\scratchcounter=\count301
\scratchdimen=\dimen197
\scratchbox=\box104
\nofMPsegments=\count302
\nofMParguments=\count303
\everyMPshowfont=\toks29
\MPscratchCnt=\count304
\MPscratchDim=\dimen198
\MPnumerator=\count305
\makeMPintoPDFobject=\count306
\everyMPtoPDFconversion=\toks30
) (/usr/share/texlive/texmf-dist/tex/latex/epstopdf-pkg/epstopdf-base.sty
Package: epstopdf-base 2020-01-24 v2.11 Base part for package epstopdf
Package epstopdf-base Info: Redefining graphics rule for `.eps' on input line 4
85.

(/usr/share/texlive/texmf-dist/tex/latex/latexconfig/epstopdf-sys.cfg
File: epstopdf-sys.cfg 2010/07/13 v1.3 Configuration of (r)epstopdf for TeX Liv
e
))
Package caption Info: Begin \AtBeginDocument code.
Package caption Info: subfig package v1.3 is loaded.
Package caption Info: hyperref package is loaded.
Package caption Info: longtable package is loaded.

(/usr/share/texlive/texmf-dist/tex/latex/caption/ltcaption.sty
Package: ltcaption 2018/08/26 v1.4a longtable captions (AR)
)
Package caption Info: End \AtBeginDocument code.
\AtBeginShipoutBox=\box105
Package hyperref Info: Link coloring OFF on input line 14.

(/usr/share/texlive/texmf-dist/tex/latex/hyperref/nameref.sty
Package: nameref 2019/09/16 v2.46 Cross-referencing by name of section

(/usr/share/texlive/texmf-dist/tex/latex/refcount/refcount.sty
Package: refcount 2019/12/15 v3.6 Data extraction from label references (HO)
)
(/usr/share/texlive/texmf-dist/tex/generic/gettitlestring/gettitlestring.sty
Package: gettitlestring 2019/12/15 v1.6 Cleanup title references (HO)
)
\c@section@level=\count307
)
LaTeX Info: Redefining \ref on input line 14.
LaTeX Info: Redefining \pageref on input line 14.
LaTeX Info: Redefining \nameref on input line 14.

(./Main.out) (./Main.out)
\@outlinefile=\write3
\openout3 = `Main.out'.


*geometry* driver: auto-detecting
*geometry* detected driver: pdftex
*geometry* verbose mode - [ preamble ] result:
* driver: pdftex
* paper: a4paper
* layout: <same size as paper>
* layoutoffset:(h,v)=(0.0pt,0.0pt)
* modes: 
* h-part:(L,W,R)=(85.35826pt, 455.24408pt, 56.90553pt)
* v-part:(T,H,B)=(71.13188pt, 717.00946pt, 56.9055pt)
* \paperwidth=597.50787pt
* \paperheight=845.04684pt
* \textwidth=455.24408pt
* \textheight=717.00946pt
* \oddsidemargin=13.08827pt
* \evensidemargin=13.08827pt
* \topmargin=-49.2731pt
* \headheight=12.0pt
* \headsep=36.135pt
* \topskip=12.0pt
* \footskip=30.0pt
* \marginparwidth=40.0pt
* \marginparsep=10.0pt
* \columnsep=10.0pt
* \skip\footins=10.8pt plus 4.0pt minus 2.0pt
* \hoffset=0.0pt
* \voffset=0.0pt
* \mag=1000
* \@twocolumnfalse
* \@twosidefalse
* \@mparswitchfalse
* \@reversemarginfalse
* (1in=72.27pt=25.4mm, 1cm=28.453pt)

Package srcltx Info: Expanded filename `Inputs/frontcontent' to `Inputs/frontco
ntent.tex' on input line 15.
:<+ Inputs/frontcontent.tex
(./Inputs/frontcontent.tex
Most over/underfulls in first few pages are the fault of dalthesis.
Ignore all them. If uncorrectable errors occur, notify staff.
<Figures/AAUlogo2a.png, id=235, 220.825pt x 250.9375pt>
File: Figures/AAUlogo2a.png Graphic file (type png)
<use Figures/AAUlogo2a.png>
Package pdftex.def Info: Figures/AAUlogo2a.png  used on input line 15.
(pdftex.def)             Requested size: 100.15541pt x 113.81102pt.
LaTeX Font Info:    Trying to load font information for T1+pag on input line 15
.
(/usr/share/texlive/texmf-dist/tex/latex/psnfss/t1pag.fd
File: t1pag.fd 2001/06/04 font definitions for T1/pag.
)
LaTeX Font Info:    Trying to load font information for T1+phv on input line 15
.

(/usr/share/texlive/texmf-dist/tex/latex/psnfss/t1phv.fd
File: t1phv.fd 2001/06/04 scalable font definitions for T1/phv.
)
LaTeX Font Info:    Trying to load font information for TS1+pnc on input line 1
5.

(/usr/share/texlive/texmf-dist/tex/latex/psnfss/ts1pnc.fd
File: ts1pnc.fd 2001/06/04 font definitions for TS1/pnc.
) [1

{/var/lib/texmf/fonts/map/pdftex/updmap/pdftex.map} <./Figures/AAUlogo2a.png>]
LaTeX Font Info:    Trying to load font information for U+msa on input line 15.


(/usr/share/texlive/texmf-dist/tex/latex/amsfonts/umsa.fd
File: umsa.fd 2013/01/14 v3.01 AMS symbols A
)
LaTeX Font Info:    Trying to load font information for U+msb on input line 15.


(/usr/share/texlive/texmf-dist/tex/latex/amsfonts/umsb.fd
File: umsb.fd 2013/01/14 v3.01 AMS symbols B
)
Overfull \hbox (115.26863pt too wide) in paragraph at lines 15--15
[] 
 []

[2]
Overfull \hbox (42.6596pt too wide) detected at line 15
\T1/pnc/m/n/12 Author:
 []


Overfull \hbox (29.56741pt too wide) detected at line 15
\T1/pnc/m/n/12 Title:
 []


Overfull \hbox (70.8952pt too wide) detected at line 15
\T1/pnc/m/n/12 Department:
 []


Underfull \hbox (badness 10000) in paragraph at lines 15--15
[]\T1/pnc/m/n/10 THE AU-THOR RE-SERVES OTHER PUB-LI-CA-TION RIGHTS, AND
 []


Underfull \hbox (badness 2293) in paragraph at lines 15--15
\T1/pnc/m/n/10 NEI-THER THE THE-SIS NOR EX-TEN-SIVE EX-TRACTS FROM IT MAY BE
 []


Underfull \hbox (badness 1389) in paragraph at lines 15--15
\T1/pnc/m/n/10 FOR THE USE OF ANY COPY-RIGHTED MA-TE-RIAL AP-PEAR-ING IN THIS
 []


Underfull \hbox (badness 6141) in paragraph at lines 15--15
\T1/pnc/m/n/10 THE-SIS (OTHER THAN BRIEF EX-CERPTS RE-QUIR-ING ONLY PROPER
 []

[3] [4]
\@defbaselineskip=\skip71
 (./Main.toc [5

] [6])
\tf@toc=\write4
\openout4 = `Main.toc'.

 [7] (./Main.lot)
\tf@lot=\write5
\openout5 = `Main.lot'.

 [8

] (./Main.lof

Package natbib Warning: Citation `4' on page ix undefined on input line 2.


Package natbib Warning: Citation `7' on page ix undefined on input line 3.


Package natbib Warning: Citation `7' on page ix undefined on input line 4.


Overfull \hbox (14.21455pt too wide) in paragraph at lines 5--5
 [][] [][]\T1/pnc/m/n/12 The GRB clas-si-fi-ca-tion (long and short) dis-tri-bu
-tion. GRBs last be-tween 
 []


Package natbib Warning: Citation `13' on page ix undefined on input line 7.


Overfull \hbox (22.51947pt too wide) in paragraph at lines 9--9
 [][] [][]\T1/pnc/m/n/12 Qualitative schematic view of the struc-ture of the re
l-a-tivis-tic jet pro-duced 
 []

[9

]
Overfull \hbox (0.21237pt too wide) in paragraph at lines 11--11
 [][] [][]\T1/pnc/m/n/12 (a) Col-lapser model that show in-ter-nal and ex-ter-n
al shocks pro-duc-ing 
 []


Overfull \hbox (0.8365pt too wide) in paragraph at lines 14--14
 [][] [][]\T1/pnc/m/n/12 Diverse light curves of the GRBs prompt emis-sion de-t
ected by BATSE 
 []


Overfull \hbox (214.80424pt too wide) in paragraph at lines 14--14
 \T1/pnc/m/n/12 in-stru-ment.This sam-ple in-cludes short and long events. http
s://gammaray.nsstc.nasa.gov/batse/grb/lightcurve/[] []  
 []


Overfull \hbox (2.16776pt too wide) in paragraph at lines 15--15
 \T1/pnc/m/n/12 af-ter-glow phase. (b) Canon-i-cal x-ray light curves with its 
com-po-nents: 
 []

)
\tf@lof=\write6
\openout6 = `Main.lof'.

 [10]
Package srcltx Info: Expanded filename `chapters/Acknowledgements' to `chapters
/Acknowledgements.tex' on input line 18.

:<+ chapters/Acknowledgements.tex
(./chapters/Acknowledgements.tex)
:<-
[11

]
Package srcltx Info: Expanded filename `chapters/Acronyms' to `chapters/Acronym
s.tex' on input line 40.

:<+ chapters/Acronyms.tex
(./chapters/Acronyms.tex
Underfull \hbox (badness 10000) in paragraph at lines 1--23

 []

)
:<-
[12

]
Package srcltx Info: Expanded filename `chapters/Constants' to `chapters/Consta
nts.tex' on input line 44.

:<+ chapters/Constants.tex
(./chapters/Constants.tex)
:<-
[13

]
Package srcltx Info: Expanded filename `chapters/Conversion' to `chapters/Conve
rsion.tex' on input line 49.

:<+ chapters/Conversion.tex
(./chapters/Conversion.tex
Underfull \hbox (badness 10000) in paragraph at lines 1--8

 []

)
:<-
)
:<-
[14

]
Package srcltx Info: Expanded filename `chapters/Abstract' to `chapters/Abstrac
t.tex' on input line 18.

:<+ chapters/Abstract.tex
(./chapters/Abstract.tex)
:<-
[15

]
Dalthesis preface pages completed.
:<+ chapters/Chapter1.tex
\openout2 = `chapters/Chapter1.aux'.

(./chapters/Chapter1.tex
Chapter 1.

Package natbib Warning: Citation `1' on page 1 undefined on input line 7.


Package natbib Warning: Citation `2' on page 1 undefined on input line 8.


Package natbib Warning: Citation `1' on page 1 undefined on input line 9.


Package natbib Warning: Citation `2' on page 1 undefined on input line 9.


Package natbib Warning: Citation `3' on page 1 undefined on input line 10.


Package natbib Warning: Citation `2' on page 1 undefined on input line 11.


Package natbib Warning: Citation `3' on page 1 undefined on input line 11.


Overfull \hbox (8.46997pt too wide) in paragraph at lines 5--12
\T1/pnc/m/n/12 are de-tected as brief, in-tense and to-tally un-pre-dictable fl
ashes of high-energy gamma
 []


Underfull \hbox (badness 10000) in paragraph at lines 5--12

 []


Overfull \hbox (3.09128pt too wide) in paragraph at lines 5--12
\T1/pnc/m/n/12 stars; they re-veal prop-er-ties of their sur-round-ing medium a
nd of their host galax-ies;
 []


Underfull \hbox (badness 10000) in paragraph at lines 5--12

 []


Underfull \hbox (badness 10000) in paragraph at lines 5--12

 []


Underfull \hbox (badness 10000) in paragraph at lines 5--12

 []

[1



]

Package natbib Warning: Citation `4' on page 2 undefined on input line 14.


Package natbib Warning: Citation `4' on page 2 undefined on input line 15.


Package natbib Warning: Citation `5' on page 2 undefined on input line 15.


Overfull \hbox (2.29909pt too wide) in paragraph at lines 13--16
\T1/pnc/m/n/12 col-lab-o-ra-tion with the Los Alamos Na-tional Lab-o-ra-tory.Th
e first event was recorded
 []


Underfull \hbox (badness 10000) in paragraph at lines 13--16

 []


Overfull \hbox (13.83147pt too wide) in paragraph at lines 13--16
\T1/pnc/m/n/12 The study of GRBs physics mainly led by ob-ser-va-tions with hel
p of im-proved de-tect-ing
 []


Underfull \hbox (badness 10000) in paragraph at lines 13--16

 []


Underfull \hbox (badness 10000) in paragraph at lines 13--16

 []


Package natbib Warning: Citation `4' on page 2 undefined on input line 17.


Package natbib Warning: Citation `5' on page 2 undefined on input line 17.


Underfull \hbox (badness 10000) in paragraph at lines 17--18

 []


Underfull \hbox (badness 10000) in paragraph at lines 17--18

 []

[2]
<Figures/fig1.png, id=439, 1228.59pt x 877.2775pt>
File: Figures/fig1.png Graphic file (type png)
<use Figures/fig1.png>
Package pdftex.def Info: Figures/fig1.png  used on input line 20.
(pdftex.def)             Requested size: 245.71364pt x 175.4524pt.


Package natbib Warning: Citation `4' on page 3 undefined on input line 21.


Package natbib Warning: Citation `4' on page 3 undefined on input line 21.


Package natbib Warning: Citation `4' on page 3 undefined on input line 24.


Package natbib Warning: Citation `5' on page 3 undefined on input line 24.


Package natbib Warning: Citation `4' on page 3 undefined on input line 25.


Package natbib Warning: Citation `6' on page 3 undefined on input line 25.


Underfull \hbox (badness 10000) in paragraph at lines 24--26

 []


Underfull \hbox (badness 10000) in paragraph at lines 24--26

 []


Underfull \hbox (badness 10000) in paragraph at lines 24--26

 []

[3 <./Figures/fig1.png>]

Package natbib Warning: Citation `5' on page 4 undefined on input line 28.


Package natbib Warning: Citation `7' on page 4 undefined on input line 28.

<Figures/fig2.png, id=445, 1003.75pt x 672.5125pt>
File: Figures/fig2.png Graphic file (type png)
<use Figures/fig2.png>
Package pdftex.def Info: Figures/fig2.png  used on input line 32.
(pdftex.def)             Requested size: 401.49289pt x 269.00023pt.

Package natbib Warning: Citation `7' on page 4 undefined on input line 33.


Package natbib Warning: Citation `7' on page 4 undefined on input line 33.


Package natbib Warning: Citation `5' on page 4 undefined on input line 39.


Package natbib Warning: Citation `7' on page 4 undefined on input line 39.


Package natbib Warning: Citation `5' on page 4 undefined on input line 42.


Package natbib Warning: Citation `6' on page 4 undefined on input line 42.


Package natbib Warning: Citation `7' on page 4 undefined on input line 42.


Underfull \hbox (badness 10000) in paragraph at lines 27--43

 []


Underfull \hbox (badness 10000) in paragraph at lines 27--43

 []


Underfull \hbox (badness 10000) in paragraph at lines 27--43

 []


Overfull \hbox (14.77826pt too wide) in paragraph at lines 27--43
[]\OMS/cmsy/m/n/12 ^^O$\T1/pnc/m/n/12 unable to clas-sify di-ver-si-ties(single
 spikey pulses,smooth with or mul-ti-ple peaks,very
 []


Overfull \hbox (18.8471pt too wide) in paragraph at lines 27--43
[]\OMS/cmsy/m/n/12 ^^O$ \T1/pnc/m/n/12 BATSE's ob-ser-va-tions re-main lim-ited
 to gamma-rays alone,no follow-up ob-ser-va-tions
 []


LaTeX Warning: `h' float specifier changed to `ht'.

[4]

Package natbib Warning: Citation `4' on page 5 undefined on input line 52.


Package natbib Warning: Citation `7' on page 5 undefined on input line 52.


Package natbib Warning: Citation `5' on page 5 undefined on input line 54.


Overfull \hbox (29.57614pt too wide) in paragraph at lines 44--55
\T1/pnc/m/n/12 1997, Bep-poSAX de-tected the first X-ray af-ter-glow within a G
RB er-ror box (GRB970228).
 []


Overfull \hbox (8.565pt too wide) in paragraph at lines 44--55
\T1/pnc/m/n/12 also dis-cov-ered weak and de-creas-ing sig-nals.This was the la
te-time, weaker emis-sion
 []


Underfull \hbox (badness 10000) in paragraph at lines 44--55

 []


Underfull \hbox (badness 10000) in paragraph at lines 44--55

 []


Underfull \hbox (badness 10000) in paragraph at lines 44--55

 []

[5 <./Figures/fig2.png>]

Package natbib Warning: Citation `4' on page 6 undefined on input line 56.


Package natbib Warning: Citation `6' on page 6 undefined on input line 56.


Package natbib Warning: Citation `8' on page 6 undefined on input line 57.


Package natbib Warning: Citation `9' on page 6 undefined on input line 57.

<Figures/fig3.png, id=456, 440.64626pt x 364.36125pt>
File: Figures/fig3.png Graphic file (type png)
<use Figures/fig3.png>
Package pdftex.def Info: Figures/fig3.png  used on input line 60.
(pdftex.def)             Requested size: 176.25537pt x 145.74191pt.

Package natbib Warning: Citation `7' on page 6 undefined on input line 61.


Package natbib Warning: Citation `7' on page 6 undefined on input line 61.


Package natbib Warning: Citation `5' on page 6 undefined on input line 77.


Package natbib Warning: Citation `7' on page 6 undefined on input line 77.


Overfull \hbox (5.56464pt too wide) in paragraph at lines 56--78
\T1/pnc/m/n/12 GRBs , dif-fer-ent phys-i-cal pro-cesses un-der-ly-ing dif-fer-e
nt classes of GRB ob-ser-va-tions
 []


Underfull \hbox (badness 10000) in paragraph at lines 56--78

 []


Underfull \hbox (badness 10000) in paragraph at lines 56--78

 []


Overfull \hbox (9.9418pt too wide) in paragraph at lines 56--78
\T1/pnc/m/n/12 sec-onds ra-dius. The XRT also used to per-form long term mon-i-
tor-ing of GRB af-ter-glow
 []


Underfull \hbox (badness 10000) in paragraph at lines 56--78

 []


Overfull \hbox (4.855pt too wide) in paragraph at lines 56--78
[]\OMS/cmsy/m/n/12 ^^O$ \T1/pnc/m/n/12 pro-vides the ca-pa-bil-ity to ob-seve t
he tran-si-tion from prompt to af-ter-glow emis-sions
 []


Underfull \hbox (badness 10000) in paragraph at lines 56--78

 []


Underfull \hbox (badness 10000) in paragraph at lines 56--78

 []


LaTeX Warning: `h' float specifier changed to `ht'.

[6]

Package natbib Warning: Citation `10' on page 7 undefined on input line 85.


Package natbib Warning: Citation `11' on page 7 undefined on input line 85.


Overfull \hbox (4.57005pt too wide) in paragraph at lines 80--86
[]\OMS/cmsy/m/n/12 ^^O$ \T1/pnc/m/n/12 The ex-is-tence of three el-e-men-tal sp
ec-tral com-po-nents (Band function-like, ther-mal
 []

[7 <./Figures/fig3.png>]
<Figures/fig4.png, id=469, 719.68875pt x 435.6275pt>
File: Figures/fig4.png Graphic file (type png)
<use Figures/fig4.png>
Package pdftex.def Info: Figures/fig4.png  used on input line 90.
(pdftex.def)             Requested size: 287.87039pt x 174.24791pt.


Package natbib Warning: Citation `5' on page 8 undefined on input line 97.


Overfull \hbox (7.25362pt too wide) in paragraph at lines 87--98
[]\T1/pnc/m/n/12 Based on the bi-modal dis-tri-bu-tions of du-ra-tion $\OML/cmm
/m/it/12 T[]$ \T1/pnc/m/n/12 or $\OML/cmm/m/it/12 T[]$ \T1/pnc/m/n/12 of prompt
 phase or hard-ness
 []


LaTeX Warning: `h' float specifier changed to `ht'.

[8]

Package natbib Warning: Citation `5' on page 9 undefined on input line 102.


Package natbib Warning: Citation `6' on page 9 undefined on input line 102.


Package natbib Warning: Citation `5' on page 9 undefined on input line 103.


Overfull \hbox (2.5439pt too wide) in paragraph at lines 102--104
\T1/pnc/m/n/12 GRBs (SHBs) lim-ited. How-ever, one year af-ter swift launch, in
 2005 a break-through
 []


Underfull \hbox (badness 10000) in paragraph at lines 102--104

 []

[9 <./Figures/fig4.png>]

Package natbib Warning: Citation `6' on page 10 undefined on input line 105.


Overfull \hbox (11.79034pt too wide) in paragraph at lines 105--106
\T1/pnc/m/n/12 of mas-sive stars at high red shift orig-i-nated in star -formin
g re-gions. [\T1/pnc/b/n/12 ? \T1/pnc/m/n/12 ]. Hy-per-novas
 []


Package natbib Warning: Citation `10' on page 10 undefined on input line 107.


Package natbib Warning: Citation `11' on page 10 undefined on input line 107.


Overfull \hbox (9.24643pt too wide) in paragraph at lines 109--110
\T1/pnc/m/n/12 /bright-ness and the an-gu-lar / lo-ca-tion dis-tri-bu-tions^^Vb
oth are im-por-tant im-pli-ca-tions
 []


Package natbib Warning: Citation `7' on page 10 undefined on input line 112.


Package natbib Warning: Citation `12' on page 10 undefined on input line 112.

[10]

Package natbib Warning: Citation `7' on page 11 undefined on input line 118.


Package natbib Warning: Citation `12' on page 11 undefined on input line 118.


Overfull \hbox (4.32742pt too wide) in paragraph at lines 115--119
\T1/pnc/m/n/12 law pro-por-tional to $\OML/cmm/m/it/12 P[]$\T1/pnc/m/n/12 , whe
re the con-stant of pro-por-tion-al-ity scales di-rectly re-lated
 []


Underfull \hbox (badness 10000) in paragraph at lines 115--119

 []


Underfull \hbox (badness 10000) in paragraph at lines 115--119

 []


Package natbib Warning: Citation `7' on page 11 undefined on input line 123.


Overfull \hbox (7.0752pt too wide) in paragraph at lines 120--124
[]\T1/pnc/m/n/12 The lo-ca-tions of GRBs on the sky ap-peared to be ran-domly (
isotrop-i-cally) dis-tributed:
 []

[11]
Overfull \hbox (10.9393pt too wide) in paragraph at lines 125--135
\T1/pnc/m/n/12 tem-po-ral and spec-tral be-hav-iors ,Light curve prop-er-ties o
f x-ray and op-ti-cal af-ter-glow
 []


Overfull \hbox (7.30287pt too wide) in paragraph at lines 125--135
[]\OMS/cmsy/m/n/12 ^^O$ \T1/pnc/m/n/12 What pa-ram-e-ters / vari-ables re-spon-
si-ble for the vari-a-tions of tem-po-ral and spec-tral
 []


Underfull \hbox (badness 10000) in paragraph at lines 125--135

 []


Overfull \hbox (0.90738pt too wide) in paragraph at lines 125--135
\T1/pnc/m/n/12 (1) what are the cause of canon-i-cal x-ray light curve of af-te
r-glow gamma-ray bursts? 
 []

)
Underfull \hbox (badness 10000) in paragraph at lines 136--24

 []


Underfull \hbox (badness 10000) in paragraph at lines 136--24

 []

[12] [13]
:<-
:<+ chapters/Chapter2.tex
\openout2 = `chapters/Chapter2.aux'.

(./chapters/Chapter2.tex
Chapter 2.

Overfull \hbox (12.89717pt too wide) in paragraph at lines 4--6
\T1/pnc/m/n/12 ray physics. Over-all , the phe-nomenol-ogy of gamma - ray burst
: emis-sion mech-a-nisms
 []


Overfull \hbox (4.68945pt too wide) in paragraph at lines 4--6
\T1/pnc/m/n/12 af-ter-glow phases ), in-ter-pre-ta-tion of gamma-ray af-ter-glo
w es-pe-cially x-ray af-ter-glow
 []


Package natbib Warning: Citation `13' on page 14 undefined on input line 7.


Underfull \hbox (badness 10000) in paragraph at lines 7--8

 []


Underfull \hbox (badness 10000) in paragraph at lines 7--8

 []


Package natbib Warning: Citation `13' on page 14 undefined on input line 9.


Package natbib Warning: Citation `14' on page 14 undefined on input line 9.


Package natbib Warning: Citation `14' on page 14 undefined on input line 10.


Package natbib Warning: Citation `15' on page 14 undefined on input line 11.


Package natbib Warning: Citation `14' on page 14 undefined on input line 12.


Package natbib Warning: Citation `15' on page 14 undefined on input line 12.


Package natbib Warning: Citation `10' on page 14 undefined on input line 13.


Package natbib Warning: Citation `15' on page 14 undefined on input line 13.

<Figures/fig5.png, id=501, 670.505pt x 561.09625pt>
File: Figures/fig5.png Graphic file (type png)
<use Figures/fig5.png>
Package pdftex.def Info: Figures/fig5.png  used on input line 16.
(pdftex.def)             Requested size: 335.25168pt x 280.54744pt.

Package natbib Warning: Citation `13' on page 14 undefined on input line 17.


Package natbib Warning: Citation `13' on page 14 undefined on input line 17.


Package natbib Warning: Citation `15' on page 14 undefined on input line 20.


Package natbib Warning: Citation `16' on page 14 undefined on input line 20.


Package natbib Warning: Citation `10' on page 14 undefined on input line 21.


Package natbib Warning: Citation `17' on page 14 undefined on input line 21.


Underfull \hbox (badness 10000) in paragraph at lines 9--22

 []


Underfull \hbox (badness 10000) in paragraph at lines 9--22

 []


Overfull \hbox (0.6556pt too wide) in paragraph at lines 9--22
\T1/pnc/m/n/12 com-pact-ness prob-lem and can cause the in-ter-nal shocks that 
pro-duce the de-tectable
 []


Underfull \hbox (badness 10000) in paragraph at lines 9--22

 []


Overfull \hbox (7.74814pt too wide) in paragraph at lines 9--22
\T1/pnc/m/n/12 pho-tons into a com-pact re-gion can lead to an opaque pho-ton^^
Ulepton ^^Pfire-ball^^Q through
 []


Underfull \hbox (badness 10000) in paragraph at lines 9--22

 []


Underfull \hbox (badness 10000) in paragraph at lines 9--22

 []


Underfull \hbox (badness 10000) in paragraph at lines 9--22

 []


Overfull \hbox (7.85806pt too wide) in paragraph at lines 9--22
\T1/pnc/m/n/12 ra-di-a-tion of pho-tons via two dif-fer-ent mech-a-nisms, syn-c
hrotron and In-verse comp-ton
 []

[14




] [15] [16 <./Figures/fig5.png>]

Package natbib Warning: Citation `8' on page 17 undefined on input line 23.


Package natbib Warning: Citation `17' on page 17 undefined on input line 23.


Package natbib Warning: Citation `17' on page 17 undefined on input line 25.


Package natbib Warning: Citation `18' on page 17 undefined on input line 25.


Package natbib Warning: Citation `18' on page 17 undefined on input line 26.

<Figures/fig6.png, id=516, 1511.6475pt x 756.8275pt>
File: Figures/fig6.png Graphic file (type png)
<use Figures/fig6.png>
Package pdftex.def Info: Figures/fig6.png  used on input line 29.
(pdftex.def)             Requested size: 453.49776pt x 227.05pt.

Package natbib Warning: Citation `10' on page 17 undefined on input line 33.


Package natbib Warning: Citation `18' on page 17 undefined on input line 33.


Package natbib Warning: Citation `19' on page 17 undefined on input line 35.

<Figures/fig7.png, id=517, 1314.9125pt x 706.64pt>
File: Figures/fig7.png Graphic file (type png)
<use Figures/fig7.png>
Package pdftex.def Info: Figures/fig7.png  used on input line 38.
(pdftex.def)             Requested size: 394.47679pt x 211.99364pt.

Package natbib Warning: Citation `20' on page 17 undefined on input line 44.


Overfull \hbox (2.44466pt too wide) in paragraph at lines 23--46
\T1/pnc/m/n/12 af-ter-glow emis-sions re-spec-tively.In par-tic-u-lar, the ori-
gin of the emis-sions as-so-ci-ated
 []


Underfull \hbox (badness 10000) in paragraph at lines 23--46

 []


Overfull \hbox (3.90948pt too wide) in paragraph at lines 23--46
\T1/pnc/m/n/12 em-a-nat-ing from the com-pact source. In-stead, dif-fer-ent sho
ck waves will be trav-el-ing
 []


Underfull \hbox (badness 10000) in paragraph at lines 23--46

 []


Underfull \hbox (badness 10000) in paragraph at lines 23--46

 []


Underfull \hbox (badness 10000) in paragraph at lines 23--46

 []


Overfull \hbox (1.401pt too wide) in paragraph at lines 23--46
\T1/pnc/m/n/12 with the dust/gas that cause the af-ter-glow . Un-like the in-te
r-nal shocks, the ex-ter-nal
 []


Underfull \hbox (badness 10000) in paragraph at lines 23--46

 []


Underfull \hbox (badness 10000) in paragraph at lines 23--46

 []


LaTeX Warning: `h' float specifier changed to `ht'.

[17] [18 <./Figures/fig6.png>] [19 <./Figures/fig7.png>]

Package natbib Warning: Citation `1' on page 20 undefined on input line 53.


Package natbib Warning: Citation `15' on page 20 undefined on input line 53.


Package natbib Warning: Citation `18' on page 20 undefined on input line 53.


Package natbib Warning: Citation `9' on page 20 undefined on input line 56.


Package natbib Warning: Citation `10' on page 20 undefined on input line 56.


Package natbib Warning: Citation `15' on page 20 undefined on input line 64.


Package natbib Warning: Citation `16' on page 20 undefined on input line 64.


Package natbib Warning: Citation `11' on page 20 undefined on input line 70.


Package natbib Warning: Citation `16' on page 20 undefined on input line 70.


Overfull \hbox (14.75516pt too wide) in paragraph at lines 47--71
\T1/pnc/m/n/12 mech-a-nisms in var-i-ous as-tro-phys-i-cal phe-nom-ena. The syn
-chrotron shock mech-a-nism,
 []


Underfull \hbox (badness 10000) in paragraph at lines 47--71

 []


Underfull \hbox (badness 10000) in paragraph at lines 47--71

 []


Overfull \hbox (6.38176pt too wide) in paragraph at lines 47--71
\T1/pnc/m/n/12 model was ap-plied to the spec-tral fit-ting of GRBs by Ta-vani 
(1996), and sub-se-quently
 []


Underfull \hbox (badness 10000) in paragraph at lines 47--71

 []

[20]
<Figures/prog of GRBs.png, id=537, 401.5pt x 506.89375pt>
File: Figures/prog of GRBs.png Graphic file (type png)
<use Figures/prog of GRBs.png>
Package pdftex.def Info: Figures/prog of GRBs.png  used on input line 77.
(pdftex.def)             Requested size: 160.59715pt x 202.7539pt.

Overfull \hbox (3.46646pt too wide) in paragraph at lines 72--87
\T1/pnc/m/n/12 GRB. For ex-am-ple, the proton-proton chain that is re-spon-si-b
le for en-ergy pro-duc-tion
 []


Underfull \hbox (badness 10000) in paragraph at lines 72--87

 []


LaTeX Warning: `h' float specifier changed to `ht'.


Package natbib Warning: Citation `21' on page 21 undefined on input line 89.

[21]

Package natbib Warning: Citation `18' on page 22 undefined on input line 105.


Overfull \hbox (3.42729pt too wide) in paragraph at lines 92--106
[]\T1/pnc/m/n/12 GRBs com-posed of two main ra-dia-tive phases: the prompt and 
af-ter-glow phases.The
 []


Underfull \hbox (badness 10000) in paragraph at lines 92--106

 []

[22 <./Figures/prog of GRBs.png>]

Package natbib Warning: Citation `23' on page 23 undefined on input line 107.


Package natbib Warning: Citation `22' on page 23 undefined on input line 109.


Package natbib Warning: Citation `23' on page 23 undefined on input line 109.

<Figures/collapser.png, id=548, 667.49374pt x 381.425pt>
File: Figures/collapser.png Graphic file (type png)
<use Figures/collapser.png>
Package pdftex.def Info: Figures/collapser.png  used on input line 111.
(pdftex.def)             Requested size: 266.99277pt x 152.56729pt.
<Figures/fireball.png, id=549, 526.96875pt x 364.36125pt>
File: Figures/fireball.png Graphic file (type png)
<use Figures/fireball.png>
Package pdftex.def Info: Figures/fireball.png  used on input line 112.
(pdftex.def)             Requested size: 210.78375pt x 145.74191pt.

Overfull \hbox (22.53244pt too wide) in paragraph at lines 111--113
[][][][][] 
 []


Package natbib Warning: Citation `22' on page 23 undefined on input line 116.

<Figures/prompt.png, id=550, 923.45pt x 911.405pt>
File: Figures/prompt.png Graphic file (type png)
<use Figures/prompt.png>
Package pdftex.def Info: Figures/prompt.png  used on input line 128.
(pdftex.def)             Requested size: 369.37346pt x 364.55554pt.

Underfull \hbox (badness 4531) in paragraph at lines 129--129
[][]|\T1/pnc/m/n/10.95 Di-verse light curves of the GRBs prompt emis-sion de-te
cted by
 []


Underfull \hbox (badness 5893) in paragraph at lines 129--129
\T1/pnc/m/n/10.95 BATSE in-stru-ment.This sam-ple in-cludes short and long even
ts.
 []


Package natbib Warning: Citation `6' on page 23 undefined on input line 137.


Package natbib Warning: Citation `10' on page 23 undefined on input line 137.


Package natbib Warning: Citation `23' on page 23 undefined on input line 137.


Overfull \hbox (8.33794pt too wide) in paragraph at lines 107--138
\T1/pnc/m/n/12 /hard X-rays phase, whose pho-tons are the ones trig-ger-ing the
 space in-stru-men-ta-tion
 []


Underfull \hbox (badness 10000) in paragraph at lines 107--138

 []


Underfull \hbox (badness 10000) in paragraph at lines 107--138

 []

[23]

LaTeX Warning: `h' float specifier changed to `ht'.


Package natbib Warning: Citation `15' on page 24 undefined on input line 139.


Package natbib Warning: Citation `22' on page 24 undefined on input line 139.


Package natbib Warning: Citation `23' on page 24 undefined on input line 139.


Overfull \hbox (2.08315pt too wide) in paragraph at lines 139--140
[]\T1/pnc/m/n/12 Afterglow gamma - ray burst stud-ied ex-ten-sively since the l
aunch of swift.Afterglow
 []

[24 <./Figures/collapser.png> <./Figures/Fireball.png>]

Package natbib Warning: Citation `18' on page 25 undefined on input line 150.


Overfull \hbox (6.60884pt too wide) in paragraph at lines 141--151
\T1/pnc/m/n/12 emis-sion, model. The main ob-ser-va-tional prop-er-ties of late
 time af-ter-glow ra-di-a-tions
 []


Overfull \hbox (5.91475pt too wide) in paragraph at lines 141--151
\T1/pnc/m/n/12 cor-re-sponds to pas-sage of the syn-chrotron in-jec-tion fre-qu
ency $[]\OML/cmm/m/it/12 ^^W[]$ \T1/pnc/m/n/12 , or the syn-chrotron
 []

[25 <./Figures/prompt.png>]

Package natbib Warning: Citation `24' on page 26 undefined on input line 152.


Package natbib Warning: Citation `25' on page 26 undefined on input line 154.


Underfull \hbox (badness 10000) in paragraph at lines 152--155

 []


Package natbib Warning: Citation `26' on page 26 undefined on input line 158.


Package natbib Warning: Citation `27' on page 26 undefined on input line 158.


Package natbib Warning: Citation `28' on page 26 undefined on input line 158.


Package natbib Warning: Citation `29' on page 26 undefined on input line 158.


Package natbib Warning: Citation `30' on page 26 undefined on input line 158.


Package natbib Warning: Citation `31' on page 26 undefined on input line 158.


Package natbib Warning: Citation `6' on page 26 undefined on input line 158.


Package natbib Warning: Citation `15' on page 26 undefined on input line 158.


Package natbib Warning: Citation `18' on page 26 undefined on input line 158.


Package natbib Warning: Citation `32' on page 26 undefined on input line 158.

<Figures/X-ray Lc.png, id=568, 845.1575pt x 585.18625pt>
File: Figures/X-ray Lc.png Graphic file (type png)
<use Figures/X-ray Lc.png>
Package pdftex.def Info: Figures/X-ray Lc.png  used on input line 160.
(pdftex.def)             Requested size: 253.54921pt x 175.55722pt.
<Figures/Lightcurve.png, id=569, 661.47125pt x 747.79375pt>
File: Figures/Lightcurve.png Graphic file (type png)
<use Figures/Lightcurve.png>
Package pdftex.def Info: Figures/Lightcurve.png  used on input line 161.
(pdftex.def)             Requested size: 198.4429pt x 224.33984pt.

Package natbib Warning: Citation `33' on page 26 undefined on input line 168.


Overfull \hbox (8.2388pt too wide) in paragraph at lines 156--169
\T1/pnc/m/n/12 sev-eral strik-ing fea-tures: (i) many early X-ray light curves 
show a canon-i-cal be-hav-ior
 []


Underfull \hbox (badness 10000) in paragraph at lines 156--169

 []


Underfull \hbox (badness 10000) in paragraph at lines 156--169

 []


Underfull \hbox (badness 10000) in paragraph at lines 156--169

 []


Underfull \hbox (badness 10000) in paragraph at lines 156--169

 []

[26]

Package natbib Warning: Citation `33' on page 27 undefined on input line 172.


Package natbib Warning: Citation `33' on page 27 undefined on input line 175.


Package natbib Warning: Citation `36' on page 27 undefined on input line 177.


Package natbib Warning: Citation `37' on page 27 undefined on input line 179.


Underfull \hbox (badness 10000) in paragraph at lines 169--182

 []

[27] [28 <./Figures/X-ray Lc.png> <./Figures/LIghtcurve.png>]

Package natbib Warning: Citation `38' on page 29 undefined on input line 184.


Package natbib Warning: Citation `39' on page 29 undefined on input line 184.


Package natbib Warning: Citation `40' on page 29 undefined on input line 187.


Package natbib Warning: Citation `41' on page 29 undefined on input line 187.


Package natbib Warning: Citation `42' on page 29 undefined on input line 190.


Underfull \hbox (badness 10000) in paragraph at lines 183--191

 []


Underfull \hbox (badness 10000) in paragraph at lines 183--191

 []


Package natbib Warning: Citation `43' on page 29 undefined on input line 195.

[29]

Package natbib Warning: Citation `44' on page 30 undefined on input line 200.


Package natbib Warning: Citation `45' on page 30 undefined on input line 200.


Underfull \hbox (badness 10000) in paragraph at lines 202--203

 []


Package hyperref Warning: Token not allowed in a PDF string (PDFDocEncoding):
(hyperref)                removing `math shift' on input line 203.


Package hyperref Warning: Token not allowed in a PDF string (PDFDocEncoding):
(hyperref)                removing `subscript' on input line 203.


Package hyperref Warning: Token not allowed in a PDF string (PDFDocEncoding):
(hyperref)                removing `math shift' on input line 203.


Package natbib Warning: Citation `46' on page 30 undefined on input line 208.

[30]
<Figures/Flux.png, id=596, 671.50874pt x 281.05pt>
File: Figures/Flux.png Graphic file (type png)
<use Figures/Flux.png>
Package pdftex.def Info: Figures/Flux.png  used on input line 221.
(pdftex.def)             Requested size: 335.75356pt x 140.52464pt.

Underfull \hbox (badness 10000) in paragraph at lines 230--232

 []

[31 <./Figures/Flux.png>])
Runaway argument?
{2\nu ^{\beta }(1-\upsilon cos(\theta +\theta _{obs})/3)^{3+\beta } \end \ETC.
! File ended while scanning use of \frac .
<inserted text> 
                \par 
l.25 	\include{chapters/Chapter2}
                                 
I suspect you have forgotten a `}', causing me
to read past where you wanted me to stop.
I'll try to recover; but if the error is serious,
you'd better type `E' or `X' now and fix your file.

! Missing $ inserted.
<inserted text> 
                $
l.25 	\include{chapters/Chapter2}
                                 
I've inserted a begin-math/end-math symbol since I think
you left one out. Proceed, with fingers crossed.

! Display math should end with $$.
<to be read again> 
                   \par 
l.25 	\include{chapters/Chapter2}
                                 
The `$' that I just saw supposedly matches a previous `$$'.
So I shall assume that you typed `$$' both times.

[32] [33]
:<-
:<+ chapters/Chapter3.tex
\openout2 = `chapters/Chapter3.aux'.

(./chapters/Chapter3.tex
Chapter 3.

Overfull \hbox (3.29788pt too wide) in paragraph at lines 4--6
\T1/pnc/m/n/12 un-clear is-sues men-tioned in sec-tion 1.5, com-pre-hen-sive me
thod-ol-ogy of quan-ti-ta-tive
 []

[34




]
Underfull \hbox (badness 10000) in paragraph at lines 15--20

 []


Underfull \hbox (badness 10000) in paragraph at lines 15--20

 []


Underfull \hbox (badness 10000) in paragraph at lines 15--20

 []


Underfull \hbox (badness 10000) in paragraph at lines 22--30

 []


Underfull \hbox (badness 10000) in paragraph at lines 35--42

 []

[35]
Overfull \hbox (18.95474pt too wide) in paragraph at lines 45--46
\T1/pnc/m/n/12 af-ter-glows are se-lected us-ing sim-ple ran-dom prob-a-bil-ity
 sam-pling method.Accordingly,
 []

[36])
Underfull \hbox (badness 10000) in paragraph at lines 64--26

 []

[37]
:<-
:<+ chapters/Chapter4.tex
\openout2 = `chapters/Chapter4.aux'.

(./chapters/Chapter4.tex
Chapter 4.
) [38




]
:<-
:<+ chapters/Chapter5.tex
\openout2 = `chapters/Chapter5.aux'.

(./chapters/Chapter5.tex
Chapter 5.
) [39




]
:<-
:<+ Main.bbl
(./Main.bbl

Package natbib Warning: Empty `thebibliography' environment on input line 3.

)
:<-
:<+ Main.bbl
(./Main.bbl [40


]

Package natbib Warning: Empty `thebibliography' environment on input line 3.

)
:<-
[41

]
Package srcltx Info: Expanded filename `Inputs/backcontent' to `Inputs/backcont
ent.tex' on input line 36.

:<+ Inputs/backcontent.tex
(./Inputs/backcontent.tex)
:<-

Package natbib Warning: There were undefined citations.


! LaTeX Error: \begin{equation} on input line 270 ended by \end{document}.

See the LaTeX manual or LaTeX Companion for explanation.
Type  H <return>  for immediate help.
 ...                                              
                                                  
l.39 \end{document}
                   
Your command was ignored.
Type  I <command> <return>  to replace it with another command,
or  <return>  to continue without it.

Package atveryend Info: Empty hook `BeforeClearDocument' on input line 39.
[42]
Package atveryend Info: Empty hook `AfterLastShipout' on input line 39.
 (./Main.aux (./chapters/Chapter1.aux) (./chapters/Chapter2.aux)
(./chapters/Chapter3.aux) (./chapters/Chapter4.aux) (./chapters/Chapter5.aux))
Package atveryend Info: Executing hook `AtVeryEndDocument' on input line 39.
Package atveryend Info: Executing hook `AtEndAfterFileList' on input line 39.
Package rerunfilecheck Info: File `Main.out' has not changed.
(rerunfilecheck)             Checksum: 333BA104D8ECAAA44007357AB9A49DF4;4240.
Package atveryend Info: Empty hook `AtVeryVeryEnd' on input line 39.
 )
(\end occurred inside a group at level 1)

### semi simple group (level 1) entered at line 270 (\begingroup)
### bottom level 
Here is how much of TeX's memory you used:
 10809 strings out of 483140
 158534 string characters out of 5965151
 438871 words of memory out of 5000000
 25351 multiletter control sequences out of 15000+600000
 605392 words of font info for 112 fonts, out of 8000000 for 9000
 36 hyphenation exceptions out of 8191
 52i,13n,55p,1338b,451s stack positions out of 5000i,500n,10000p,200000b,80000s
{/usr/share/texlive/texmf-dist/fonts/enc/dvips/base/8r.enc}</us
r/share/texlive/texmf-dist/fonts/type1/public/amsfonts/cm/cmex10.pfb></usr/shar
e/texlive/texmf-dist/fonts/type1/public/amsfonts/cm/cmmi10.pfb></usr/share/texl
ive/texmf-dist/fonts/type1/public/amsfonts/cm/cmmi12.pfb></usr/share/texlive/te
xmf-dist/fonts/type1/public/amsfonts/cm/cmmi6.pfb></usr/share/texlive/texmf-dis
t/fonts/type1/public/amsfonts/cm/cmmi8.pfb></usr/share/texlive/texmf-dist/fonts
/type1/public/amsfonts/cm/cmr10.pfb></usr/share/texlive/texmf-dist/fonts/type1/
public/amsfonts/cm/cmr12.pfb></usr/share/texlive/texmf-dist/fonts/type1/public/
amsfonts/cm/cmr6.pfb></usr/share/texlive/texmf-dist/fonts/type1/public/amsfonts
/cm/cmr8.pfb></usr/share/texlive/texmf-dist/fonts/type1/public/amsfonts/cm/cmsy
10.pfb></usr/share/texlive/texmf-dist/fonts/type1/public/amsfonts/cm/cmsy6.pfb>
</usr/share/texlive/texmf-dist/fonts/type1/public/amsfonts/cm/cmsy8.pfb></usr/s
hare/texlive/texmf-dist/fonts/type1/public/amsfonts/symbols/msam10.pfb></usr/sh
are/texlive/texmf-dist/fonts/type1/urw/helvetic/uhvb8a.pfb></usr/share/texlive/
texmf-dist/fonts/type1/urw/ncntrsbk/uncb8a.pfb></usr/share/texlive/texmf-dist/f
onts/type1/urw/ncntrsbk/uncr8a.pfb></usr/share/texlive/texmf-dist/fonts/type1/u
rw/ncntrsbk/uncr8a.pfb></usr/share/texlive/texmf-dist/fonts/type1/urw/ncntrsbk/
uncri8a.pfb>
Output written on Main.pdf (57 pages, 3636112 bytes).
PDF statistics:
 763 PDF objects out of 1000 (max. 8388607)
 649 compressed objects within 7 object streams
 152 named destinations out of 1000 (max. 500000)
 540 words of extra memory for PDF output out of 10000 (max. 10000000)

