\BOOKMARK [0][-]{chapter*.2}{Table of Contents}{}% 1
\BOOKMARK [0][-]{chapter*.2}{List of Table}{}% 2
\BOOKMARK [0][-]{chapter*.3}{List of Figures}{}% 3
\BOOKMARK [0][-]{chapter*.5}{Acknowledgements}{}% 4
\BOOKMARK [0][-]{chapter*.6}{Abbreviations}{}% 5
\BOOKMARK [0][-]{chapter*.7}{Physical Constants}{}% 6
\BOOKMARK [0][-]{chapter*.8}{Symbols}{}% 7
\BOOKMARK [0][-]{chapter*.9}{Abstract}{}% 8
\BOOKMARK [0][-]{chapter.1}{Physics of gamma-ray bursts.}{}% 9
\BOOKMARK [1][-]{section.1.1}{Introduction}{chapter.1}% 10
\BOOKMARK [1][-]{section.1.2}{Historical Discovery of gamma-Ray bursts }{chapter.1}% 11
\BOOKMARK [2][-]{subsection.1.2.1}{Dark era \(1967-1990\)}{section.1.2}% 12
\BOOKMARK [2][-]{subsection.1.2.2}{BATSE era \(1991-2000\)}{section.1.2}% 13
\BOOKMARK [2][-]{subsection.1.2.3}{Bepposax era \(1997-2000\)}{section.1.2}% 14
\BOOKMARK [2][-]{subsection.1.2.4}{Swift era\(2004-now\)}{section.1.2}% 15
\BOOKMARK [2][-]{subsection.1.2.5}{Fermi era \(2008-now\)}{section.1.2}% 16
\BOOKMARK [1][-]{section.1.3}{Classification of gamma-ray bursts}{chapter.1}% 17
\BOOKMARK [2][-]{subsection.1.3.1}{short/hard gamma-ray bursts}{section.1.3}% 18
\BOOKMARK [2][-]{subsection.1.3.2}{long/soft gamma-ray bursts}{section.1.3}% 19
\BOOKMARK [2][-]{subsection.1.3.3}{Ultra long gamma-ray bursts \(ULGRBs\)}{section.1.3}% 20
\BOOKMARK [1][-]{section.1.4}{Gilobal properties of GRBs}{chapter.1}% 21
\BOOKMARK [2][-]{subsection.1.4.1}{Intensity distribution}{section.1.4}% 22
\BOOKMARK [2][-]{subsection.1.4.2}{Angular distribution}{section.1.4}% 23
\BOOKMARK [1][-]{section.1.5}{Statement of the problems}{chapter.1}% 24
\BOOKMARK [1][-]{section.1.6}{Objectives and thesis outline}{chapter.1}% 25
\BOOKMARK [0][-]{chapter.2}{ Emission mechanisms and observational properties of gamma-ray bursts}{}% 26
\BOOKMARK [1][-]{section.2.1}{Introduction}{chapter.2}% 27
\BOOKMARK [1][-]{section.2.2}{GRBs production mechanisms}{chapter.2}% 28
\BOOKMARK [2][-]{subsection.2.2.1}{ Basic fireball model}{section.2.2}% 29
\BOOKMARK [2][-]{subsection.2.2.2}{ progenitors of GRBs}{section.2.2}% 30
\BOOKMARK [2][-]{subsection.2.2.3}{Working mechanisms of centeral engine}{section.2.2}% 31
\BOOKMARK [2][-]{subsection.2.2.4}{GRB-SN assocition}{section.2.2}% 32
\BOOKMARK [1][-]{section.2.3}{GRBs Obsevations and interpretations }{chapter.2}% 33
\BOOKMARK [2][-]{subsection.2.3.1}{ prompt GRB emission}{section.2.3}% 34
\BOOKMARK [2][-]{subsection.2.3.2}{Afterglow GRB emission}{section.2.3}% 35
\BOOKMARK [1][-]{section.2.4}{Interpretations of GRBs afterglow }{chapter.2}% 36
\BOOKMARK [2][-]{subsection.2.4.1}{Early time afterglow}{section.2.4}% 37
\BOOKMARK [2][-]{subsection.2.4.2}{Late time afterglow }{section.2.4}% 38
\BOOKMARK [1][-]{section.2.5}{Theoritical interpretation of X-ray afterglow}{chapter.2}% 39
\BOOKMARK [2][-]{subsection.2.5.1}{steep decay of early X-ray light curves}{section.2.5}% 40
\BOOKMARK [2][-]{subsection.2.5.2}{Shallow /plateau decay X-ray light curves }{section.2.5}% 41
\BOOKMARK [2][-]{subsection.2.5.3}{normal decay phase}{section.2.5}% 42
\BOOKMARK [2][-]{subsection.2.5.4}{Late steep decay following the plateau in X-ray light curves}{section.2.5}% 43
\BOOKMARK [2][-]{subsection.2.5.5}{Time breaks in swift X-ray afterglow}{section.2.5}% 44
\BOOKMARK [2][-]{subsection.2.5.6}{The first break in the light curve \( \040tbreak,1 \040\)}{section.2.5}% 45
\BOOKMARK [1][-]{section.2.6}{Decay of flux with time of observed light currve }{chapter.2}% 46
\BOOKMARK [1][-]{section.2.7}{calculating luminosity \(L\) of x-ray afterglow}{chapter.2}% 47
\BOOKMARK [0][-]{chapter.3}{Research methodology}{}% 48
\BOOKMARK [1][-]{section.3.1}{Research designs}{chapter.3}% 49
\BOOKMARK [1][-]{section.3.2}{Data sources,sampling techniques and size }{chapter.3}% 50
\BOOKMARK [2][-]{subsection.3.2.1}{Data sources and types.}{section.3.2}% 51
\BOOKMARK [2][-]{subsection.3.2.2}{Data sampling technique and size}{section.3.2}% 52
\BOOKMARK [1][-]{section.3.3}{Validity and reliability of data }{chapter.3}% 53
\BOOKMARK [1][-]{section.3.4}{Data processing and analyzing }{chapter.3}% 54
\BOOKMARK [1][-]{section.3.5}{Evaluating and justifying methodology}{chapter.3}% 55
\BOOKMARK [0][-]{chapter.4}{Result And Discussion}{}% 56
\BOOKMARK [1][-]{section.4.1}{Introduction}{chapter.4}% 57
\BOOKMARK [0][-]{chapter.5}{Conclusion}{}% 58
\BOOKMARK [0][-]{chapter.5}{Bibliography}{}% 59
