This is pdfTeX, Version 3.14159265-2.6-1.40.18 (TeX Live 2017/Debian) (preloaded format=pdflatex 2019.3.26)  12 JUL 2019 00:05
entering extended mode
 restricted \write18 enabled.
 %&-line parsing enabled.
**Acknowledgements.tex
(./Acknowledgements.tex
LaTeX2e <2017-04-15>
Babel <3.18> and hyphenation patterns for 5 language(s) loaded.

! LaTeX Error: Missing \begin{document}.

See the LaTeX manual or LaTeX Companion for explanation.
Type  H <return>  for immediate help.
 ...                                              
                                                  
l.1 x
     vvdh
You're in trouble here.  Try typing  <return>  to proceed.
If that doesn't work, type  X <return>  to quit.

Missing character: There is no x in font nullfont!
Missing character: There is no v in font nullfont!
Missing character: There is no v in font nullfont!
Missing character: There is no d in font nullfont!
Missing character: There is no h in font nullfont!
)
! Emergency stop.
<*> Acknowledgements.tex
                        
*** (job aborted, no legal \end found)

 
Here is how much of TeX's memory you used:
 5 strings out of 494880
 170 string characters out of 6179601
 46066 words of memory out of 5000000
 3428 multiletter control sequences out of 15000+600000
 3640 words of font info for 14 fonts, out of 8000000 for 9000
 36 hyphenation exceptions out of 8191
 5i,0n,4p,28b,14s stack positions out of 5000i,500n,10000p,200000b,80000s
!  ==> Fatal error occurred, no output PDF file produced!
